SF:lib\SplashScrren\splash_screen.dart
DA:12,1
DA:14,0
DA:15,0
DA:23,0
DA:24,0
DA:26,0
DA:27,0
DA:28,0
DA:29,0
DA:30,0
DA:31,0
DA:35,0
DA:42,0
DA:45,0
DA:47,0
DA:51,0
DA:53,0
DA:54,0
LF:18
LH:1
end_of_record
SF:lib\main.dart
DA:10,0
DA:11,0
DA:12,0
DA:14,0
DA:15,0
DA:18,0
LF:6
LH:0
end_of_record
SF:lib\widgets\message_bubble.dart
DA:7,1
DA:9,1
DA:11,1
DA:12,1
DA:13,1
DA:14,1
DA:15,1
DA:16,1
DA:17,1
DA:18,1
DA:19,1
DA:25,1
DA:26,3
DA:27,2
LF:14
LH:14
end_of_record
SF:lib\Authentication\login.dart
DA:9,0
DA:13,0
DA:16,0
DA:18,0
DA:21,0
DA:22,0
DA:23,0
DA:24,0
DA:30,0
DA:31,0
LF:10
LH:0
end_of_record
SF:lib\widgets\app_bar.dart
DA:6,0
DA:7,0
DA:10,0
DA:11,0
DA:15,0
DA:17,0
DA:18,0
DA:19,0
LF:8
LH:0
end_of_record
SF:lib\widgets\custom_text_field.dart
DA:11,0
DA:18,0
DA:20,0
DA:22,0
DA:23,0
DA:26,0
DA:27,0
DA:28,0
DA:29,0
DA:30,0
DA:36,0
DA:37,0
DA:38,0
DA:39,0
DA:40,0
DA:41,0
DA:42,0
DA:43,0
DA:47,0
DA:48,0
DA:53,0
DA:54,0
DA:55,0
DA:56,0
DA:59,0
DA:60,0
DA:66,0
DA:67,0
LF:28
LH:0
end_of_record
SF:lib\HomeScreen\homescreen.dart
DA:6,1
DA:10,0
LF:2
LH:1
end_of_record
SF:lib\global\global.dart
DA:5,0
LF:1
LH:0
end_of_record
SF:lib\firebase_options.dart
DA:18,0
DA:22,0
DA:23,0
DA:25,0
DA:26,0
DA:30,0
DA:31,0
DA:35,0
DA:36,0
DA:40,0
DA:41,0
DA:46,0
LF:12
LH:0
end_of_record
